<?xml version="1.0" encoding="UTF-8"?>
<testng-results skipped="0" failed="0" ignored="0" total="1" passed="1">
  <reporter-output>
  </reporter-output>
  <suite name="Default suite" duration-ms="76851" started-at="2021-02-27T19:53:14Z" finished-at="2021-02-27T19:54:31Z">
    <groups>
    </groups>
    <test name="Default test" duration-ms="76851" started-at="2021-02-27T19:53:14Z" finished-at="2021-02-27T19:54:31Z">
      <class name="selenium3.FindBrokenLinks">
        <test-method status="PASS" signature="checkBrokenLinks()[pri:0, instance:selenium3.FindBrokenLinks@475530b9]" name="checkBrokenLinks" duration-ms="76810" started-at="2021-02-28T01:23:14Z" finished-at="2021-02-28T01:24:31Z">
          <reporter-output>
          </reporter-output>
        </test-method> <!-- checkBrokenLinks -->
      </class> <!-- selenium3.FindBrokenLinks -->
    </test> <!-- Default test -->
  </suite> <!-- Default suite -->
</testng-results>
